[2024-12-10 12:11:35,730] multiqc                                            [DEBUG  ]  This is MultiQC v1.12
[2024-12-10 12:11:35,731] multiqc                                            [DEBUG  ]  No MultiQC config found: /usr/lib/python3/dist-packages/multiqc_config.yaml
[2024-12-10 12:11:35,731] multiqc                                            [DEBUG  ]  No MultiQC config found: /home/lima/.multiqc_config.yaml
[2024-12-10 12:11:35,731] multiqc                                            [DEBUG  ]  No MultiQC config found: multiqc_config.yaml
[2024-12-10 12:11:35,732] multiqc                                            [DEBUG  ]  Command used: /bin/multiqc /home/lima/rnaseq-protocol/fastQC -o /home/lima/rnaseq-protocol/fastQC
[2024-12-10 12:11:37,649] multiqc                                            [WARNING]  MultiQC Version v1.25.2 now available!
[2024-12-10 12:11:37,649] multiqc                                            [DEBUG  ]  Command     : /bin/multiqc /home/lima/rnaseq-protocol/fastQC -o /home/lima/rnaseq-protocol/fastQC
[2024-12-10 12:11:37,650] multiqc                                            [DEBUG  ]  Working dir : /home/lima/rnaseq-protocol/scripts
[2024-12-10 12:11:37,650] multiqc                                            [DEBUG  ]  Template    : default
[2024-12-10 12:11:37,650] multiqc                                            [DEBUG  ]  Running Python 3.10.12 (main, Nov  6 2024, 20:22:13) [GCC 11.4.0]
[2024-12-10 12:11:37,651] multiqc                                            [DEBUG  ]  Analysing modules: custom_content, ccs, ngsderive, purple, conpair, lima, peddy, somalier, methylQA, mosdepth, phantompeakqualtools, qualimap, preseq, quast, qorts, rna_seqc, rockhopper, rsem, rseqc, busco, bustools, goleft_indexcov, gffcompare, disambiguate, supernova, deeptools, sargasso, verifybamid, mirtrace, happy, mirtop, sambamba, homer, hops, macs2, theta2, snpeff, gatk, htseq, bcftools, featureCounts, fgbio, dragen, dedup, pbmarkdup, damageprofiler, biobambam2, jcvi, mtnucratio, picard, vep, sentieon, prokka, qc3C, nanostat, samblaster, samtools, sexdeterrmine, eigenstratdatabasetools, bamtools, jellyfish, vcftools, longranger, stacks, varscan2, snippy, bbmap, bismark, biscuit, hicexplorer, hicup, hicpro, salmon, kallisto, slamdunk, star, hisat2, tophat, bowtie2, bowtie1, snpsplit, odgi, pangolin, kat, leehom, adapterRemoval, clipandmerge, cutadapt, flexbar, kaiju, kraken, malt, trimmomatic, sickle, skewer, sortmerna, biobloomtools, fastq_screen, afterqc, fastp, fastqc, pychopper, pycoqc, minionqc, multivcfanalyzer, clusterflow, checkqc, bcl2fastq, bclconvert, interop, ivar, flash, seqyclean, optitype, whatshap
[2024-12-10 12:11:37,653] multiqc                                            [DEBUG  ]  Using temporary directory for creating report: /tmp/tmpsdl_7vp8
[2024-12-10 12:11:37,718] multiqc                                            [INFO   ]  Search path : /home/lima/rnaseq-protocol/fastQC
[2024-12-10 12:11:37,795] multiqc                                            [DEBUG  ]  File ignored by ccs/v4 because it exceeded search pattern filesize limit: SRR10207216_1_fastqc.html
[2024-12-10 12:11:37,797] multiqc                                            [DEBUG  ]  File ignored by hicexplorer because it exceeded search pattern filesize limit: SRR10207216_1_fastqc.html
[2024-12-10 12:11:37,797] multiqc                                            [DEBUG  ]  File ignored by lima/summary because it exceeded search pattern filesize limit: SRR10207216_1_fastqc.html
[2024-12-10 12:11:37,801] multiqc                                            [DEBUG  ]  File ignored by vep/vep_txt because it exceeded search pattern filesize limit: SRR10207216_1_fastqc.html
[2024-12-10 12:11:37,801] multiqc                                            [DEBUG  ]  File ignored by longranger/invocation because it exceeded search pattern filesize limit: SRR10207216_1_fastqc.html
[2024-12-10 12:11:37,802] multiqc                                            [DEBUG  ]  File ignored by rockhopper because it exceeded search pattern filesize limit: SRR10207216_1_fastqc.html
[2024-12-10 12:11:37,802] multiqc                                            [DEBUG  ]  File ignored by rseqc/bam_stat because it exceeded search pattern filesize limit: SRR10207216_1_fastqc.html
[2024-12-10 12:11:37,802] multiqc                                            [DEBUG  ]  File ignored by rseqc/junction_annotation because it exceeded search pattern filesize limit: SRR10207216_1_fastqc.html
[2024-12-10 12:11:37,802] multiqc                                            [DEBUG  ]  File ignored by rseqc/read_distribution because it exceeded search pattern filesize limit: SRR10207216_1_fastqc.html
[2024-12-10 12:11:37,802] multiqc                                            [DEBUG  ]  File ignored by rseqc/infer_experiment because it exceeded search pattern filesize limit: SRR10207216_1_fastqc.html
[2024-12-10 12:11:37,904] multiqc                                            [DEBUG  ]  File ignored by nanostat because it exceeded search pattern filesize limit: SRR10207216_1_fastqc.html
[2024-12-10 12:11:37,949] multiqc                                            [DEBUG  ]  File ignored by ccs/v4 because it exceeded search pattern filesize limit: SRR10207206_2_fastqc.html
[2024-12-10 12:11:37,950] multiqc                                            [DEBUG  ]  File ignored by hicexplorer because it exceeded search pattern filesize limit: SRR10207206_2_fastqc.html
[2024-12-10 12:11:37,950] multiqc                                            [DEBUG  ]  File ignored by lima/summary because it exceeded search pattern filesize limit: SRR10207206_2_fastqc.html
[2024-12-10 12:11:37,953] multiqc                                            [DEBUG  ]  File ignored by vep/vep_txt because it exceeded search pattern filesize limit: SRR10207206_2_fastqc.html
[2024-12-10 12:11:37,953] multiqc                                            [DEBUG  ]  File ignored by longranger/invocation because it exceeded search pattern filesize limit: SRR10207206_2_fastqc.html
[2024-12-10 12:11:37,953] multiqc                                            [DEBUG  ]  File ignored by rockhopper because it exceeded search pattern filesize limit: SRR10207206_2_fastqc.html
[2024-12-10 12:11:37,953] multiqc                                            [DEBUG  ]  File ignored by rseqc/bam_stat because it exceeded search pattern filesize limit: SRR10207206_2_fastqc.html
[2024-12-10 12:11:37,953] multiqc                                            [DEBUG  ]  File ignored by rseqc/junction_annotation because it exceeded search pattern filesize limit: SRR10207206_2_fastqc.html
[2024-12-10 12:11:37,953] multiqc                                            [DEBUG  ]  File ignored by rseqc/read_distribution because it exceeded search pattern filesize limit: SRR10207206_2_fastqc.html
[2024-12-10 12:11:37,953] multiqc                                            [DEBUG  ]  File ignored by rseqc/infer_experiment because it exceeded search pattern filesize limit: SRR10207206_2_fastqc.html
[2024-12-10 12:11:38,071] multiqc                                            [DEBUG  ]  File ignored by nanostat because it exceeded search pattern filesize limit: SRR10207206_2_fastqc.html
[2024-12-10 12:11:38,100] multiqc                                            [DEBUG  ]  File ignored by ccs/v4 because it exceeded search pattern filesize limit: SRR10207210_1_fastqc.html
[2024-12-10 12:11:38,102] multiqc                                            [DEBUG  ]  File ignored by hicexplorer because it exceeded search pattern filesize limit: SRR10207210_1_fastqc.html
[2024-12-10 12:11:38,103] multiqc                                            [DEBUG  ]  File ignored by lima/summary because it exceeded search pattern filesize limit: SRR10207210_1_fastqc.html
[2024-12-10 12:11:38,107] multiqc                                            [DEBUG  ]  File ignored by vep/vep_txt because it exceeded search pattern filesize limit: SRR10207210_1_fastqc.html
[2024-12-10 12:11:38,108] multiqc                                            [DEBUG  ]  File ignored by longranger/invocation because it exceeded search pattern filesize limit: SRR10207210_1_fastqc.html
[2024-12-10 12:11:38,108] multiqc                                            [DEBUG  ]  File ignored by rockhopper because it exceeded search pattern filesize limit: SRR10207210_1_fastqc.html
[2024-12-10 12:11:38,108] multiqc                                            [DEBUG  ]  File ignored by rseqc/bam_stat because it exceeded search pattern filesize limit: SRR10207210_1_fastqc.html
[2024-12-10 12:11:38,108] multiqc                                            [DEBUG  ]  File ignored by rseqc/junction_annotation because it exceeded search pattern filesize limit: SRR10207210_1_fastqc.html
[2024-12-10 12:11:38,108] multiqc                                            [DEBUG  ]  File ignored by rseqc/read_distribution because it exceeded search pattern filesize limit: SRR10207210_1_fastqc.html
[2024-12-10 12:11:38,109] multiqc                                            [DEBUG  ]  File ignored by rseqc/infer_experiment because it exceeded search pattern filesize limit: SRR10207210_1_fastqc.html
[2024-12-10 12:11:38,287] multiqc                                            [DEBUG  ]  File ignored by nanostat because it exceeded search pattern filesize limit: SRR10207210_1_fastqc.html
[2024-12-10 12:11:38,323] multiqc                                            [DEBUG  ]  File ignored by ccs/v4 because it exceeded search pattern filesize limit: SRR10207204_2_fastqc.html
[2024-12-10 12:11:38,325] multiqc                                            [DEBUG  ]  File ignored by hicexplorer because it exceeded search pattern filesize limit: SRR10207204_2_fastqc.html
[2024-12-10 12:11:38,325] multiqc                                            [DEBUG  ]  File ignored by lima/summary because it exceeded search pattern filesize limit: SRR10207204_2_fastqc.html
[2024-12-10 12:11:38,328] multiqc                                            [DEBUG  ]  File ignored by vep/vep_txt because it exceeded search pattern filesize limit: SRR10207204_2_fastqc.html
[2024-12-10 12:11:38,328] multiqc                                            [DEBUG  ]  File ignored by longranger/invocation because it exceeded search pattern filesize limit: SRR10207204_2_fastqc.html
[2024-12-10 12:11:38,328] multiqc                                            [DEBUG  ]  File ignored by rockhopper because it exceeded search pattern filesize limit: SRR10207204_2_fastqc.html
[2024-12-10 12:11:38,328] multiqc                                            [DEBUG  ]  File ignored by rseqc/bam_stat because it exceeded search pattern filesize limit: SRR10207204_2_fastqc.html
[2024-12-10 12:11:38,328] multiqc                                            [DEBUG  ]  File ignored by rseqc/junction_annotation because it exceeded search pattern filesize limit: SRR10207204_2_fastqc.html
[2024-12-10 12:11:38,328] multiqc                                            [DEBUG  ]  File ignored by rseqc/read_distribution because it exceeded search pattern filesize limit: SRR10207204_2_fastqc.html
[2024-12-10 12:11:38,328] multiqc                                            [DEBUG  ]  File ignored by rseqc/infer_experiment because it exceeded search pattern filesize limit: SRR10207204_2_fastqc.html
[2024-12-10 12:11:38,462] multiqc                                            [DEBUG  ]  File ignored by nanostat because it exceeded search pattern filesize limit: SRR10207204_2_fastqc.html
[2024-12-10 12:11:38,494] multiqc                                            [DEBUG  ]  File ignored by ccs/v4 because it exceeded search pattern filesize limit: SRR10207204_1_fastqc.html
[2024-12-10 12:11:38,496] multiqc                                            [DEBUG  ]  File ignored by hicexplorer because it exceeded search pattern filesize limit: SRR10207204_1_fastqc.html
[2024-12-10 12:11:38,496] multiqc                                            [DEBUG  ]  File ignored by lima/summary because it exceeded search pattern filesize limit: SRR10207204_1_fastqc.html
[2024-12-10 12:11:38,499] multiqc                                            [DEBUG  ]  File ignored by vep/vep_txt because it exceeded search pattern filesize limit: SRR10207204_1_fastqc.html
[2024-12-10 12:11:38,499] multiqc                                            [DEBUG  ]  File ignored by longranger/invocation because it exceeded search pattern filesize limit: SRR10207204_1_fastqc.html
[2024-12-10 12:11:38,499] multiqc                                            [DEBUG  ]  File ignored by rockhopper because it exceeded search pattern filesize limit: SRR10207204_1_fastqc.html
[2024-12-10 12:11:38,499] multiqc                                            [DEBUG  ]  File ignored by rseqc/bam_stat because it exceeded search pattern filesize limit: SRR10207204_1_fastqc.html
[2024-12-10 12:11:38,500] multiqc                                            [DEBUG  ]  File ignored by rseqc/junction_annotation because it exceeded search pattern filesize limit: SRR10207204_1_fastqc.html
[2024-12-10 12:11:38,500] multiqc                                            [DEBUG  ]  File ignored by rseqc/read_distribution because it exceeded search pattern filesize limit: SRR10207204_1_fastqc.html
[2024-12-10 12:11:38,500] multiqc                                            [DEBUG  ]  File ignored by rseqc/infer_experiment because it exceeded search pattern filesize limit: SRR10207204_1_fastqc.html
[2024-12-10 12:11:38,645] multiqc                                            [DEBUG  ]  File ignored by nanostat because it exceeded search pattern filesize limit: SRR10207204_1_fastqc.html
[2024-12-10 12:11:38,667] multiqc                                            [DEBUG  ]  File ignored by ccs/v4 because it exceeded search pattern filesize limit: SRR10207210_2_fastqc.html
[2024-12-10 12:11:38,668] multiqc                                            [DEBUG  ]  File ignored by hicexplorer because it exceeded search pattern filesize limit: SRR10207210_2_fastqc.html
[2024-12-10 12:11:38,668] multiqc                                            [DEBUG  ]  File ignored by lima/summary because it exceeded search pattern filesize limit: SRR10207210_2_fastqc.html
[2024-12-10 12:11:38,670] multiqc                                            [DEBUG  ]  File ignored by vep/vep_txt because it exceeded search pattern filesize limit: SRR10207210_2_fastqc.html
[2024-12-10 12:11:38,670] multiqc                                            [DEBUG  ]  File ignored by longranger/invocation because it exceeded search pattern filesize limit: SRR10207210_2_fastqc.html
[2024-12-10 12:11:38,670] multiqc                                            [DEBUG  ]  File ignored by rockhopper because it exceeded search pattern filesize limit: SRR10207210_2_fastqc.html
[2024-12-10 12:11:38,671] multiqc                                            [DEBUG  ]  File ignored by rseqc/bam_stat because it exceeded search pattern filesize limit: SRR10207210_2_fastqc.html
[2024-12-10 12:11:38,671] multiqc                                            [DEBUG  ]  File ignored by rseqc/junction_annotation because it exceeded search pattern filesize limit: SRR10207210_2_fastqc.html
[2024-12-10 12:11:38,671] multiqc                                            [DEBUG  ]  File ignored by rseqc/read_distribution because it exceeded search pattern filesize limit: SRR10207210_2_fastqc.html
[2024-12-10 12:11:38,671] multiqc                                            [DEBUG  ]  File ignored by rseqc/infer_experiment because it exceeded search pattern filesize limit: SRR10207210_2_fastqc.html
[2024-12-10 12:11:38,787] multiqc                                            [DEBUG  ]  File ignored by nanostat because it exceeded search pattern filesize limit: SRR10207210_2_fastqc.html
[2024-12-10 12:11:38,818] multiqc                                            [DEBUG  ]  File ignored by ccs/v4 because it exceeded search pattern filesize limit: SRR10207206_1_fastqc.html
[2024-12-10 12:11:38,820] multiqc                                            [DEBUG  ]  File ignored by hicexplorer because it exceeded search pattern filesize limit: SRR10207206_1_fastqc.html
[2024-12-10 12:11:38,820] multiqc                                            [DEBUG  ]  File ignored by lima/summary because it exceeded search pattern filesize limit: SRR10207206_1_fastqc.html
[2024-12-10 12:11:38,823] multiqc                                            [DEBUG  ]  File ignored by vep/vep_txt because it exceeded search pattern filesize limit: SRR10207206_1_fastqc.html
[2024-12-10 12:11:38,824] multiqc                                            [DEBUG  ]  File ignored by longranger/invocation because it exceeded search pattern filesize limit: SRR10207206_1_fastqc.html
[2024-12-10 12:11:38,824] multiqc                                            [DEBUG  ]  File ignored by rockhopper because it exceeded search pattern filesize limit: SRR10207206_1_fastqc.html
[2024-12-10 12:11:38,824] multiqc                                            [DEBUG  ]  File ignored by rseqc/bam_stat because it exceeded search pattern filesize limit: SRR10207206_1_fastqc.html
[2024-12-10 12:11:38,824] multiqc                                            [DEBUG  ]  File ignored by rseqc/junction_annotation because it exceeded search pattern filesize limit: SRR10207206_1_fastqc.html
[2024-12-10 12:11:38,824] multiqc                                            [DEBUG  ]  File ignored by rseqc/read_distribution because it exceeded search pattern filesize limit: SRR10207206_1_fastqc.html
[2024-12-10 12:11:38,824] multiqc                                            [DEBUG  ]  File ignored by rseqc/infer_experiment because it exceeded search pattern filesize limit: SRR10207206_1_fastqc.html
[2024-12-10 12:11:39,002] multiqc                                            [DEBUG  ]  File ignored by nanostat because it exceeded search pattern filesize limit: SRR10207206_1_fastqc.html
[2024-12-10 12:11:39,032] multiqc                                            [DEBUG  ]  File ignored by ccs/v4 because it exceeded search pattern filesize limit: SRR10207212_2_fastqc.html
[2024-12-10 12:11:39,034] multiqc                                            [DEBUG  ]  File ignored by hicexplorer because it exceeded search pattern filesize limit: SRR10207212_2_fastqc.html
[2024-12-10 12:11:39,035] multiqc                                            [DEBUG  ]  File ignored by lima/summary because it exceeded search pattern filesize limit: SRR10207212_2_fastqc.html
[2024-12-10 12:11:39,038] multiqc                                            [DEBUG  ]  File ignored by vep/vep_txt because it exceeded search pattern filesize limit: SRR10207212_2_fastqc.html
[2024-12-10 12:11:39,039] multiqc                                            [DEBUG  ]  File ignored by longranger/invocation because it exceeded search pattern filesize limit: SRR10207212_2_fastqc.html
[2024-12-10 12:11:39,039] multiqc                                            [DEBUG  ]  File ignored by rockhopper because it exceeded search pattern filesize limit: SRR10207212_2_fastqc.html
[2024-12-10 12:11:39,039] multiqc                                            [DEBUG  ]  File ignored by rseqc/bam_stat because it exceeded search pattern filesize limit: SRR10207212_2_fastqc.html
[2024-12-10 12:11:39,039] multiqc                                            [DEBUG  ]  File ignored by rseqc/junction_annotation because it exceeded search pattern filesize limit: SRR10207212_2_fastqc.html
[2024-12-10 12:11:39,039] multiqc                                            [DEBUG  ]  File ignored by rseqc/read_distribution because it exceeded search pattern filesize limit: SRR10207212_2_fastqc.html
[2024-12-10 12:11:39,039] multiqc                                            [DEBUG  ]  File ignored by rseqc/infer_experiment because it exceeded search pattern filesize limit: SRR10207212_2_fastqc.html
[2024-12-10 12:11:39,139] multiqc                                            [DEBUG  ]  File ignored by nanostat because it exceeded search pattern filesize limit: SRR10207212_2_fastqc.html
[2024-12-10 12:11:39,149] multiqc                                            [DEBUG  ]  File ignored by ccs/v4 because it exceeded search pattern filesize limit: SRR10207212_1_fastqc.html
[2024-12-10 12:11:39,150] multiqc                                            [DEBUG  ]  File ignored by hicexplorer because it exceeded search pattern filesize limit: SRR10207212_1_fastqc.html
[2024-12-10 12:11:39,150] multiqc                                            [DEBUG  ]  File ignored by lima/summary because it exceeded search pattern filesize limit: SRR10207212_1_fastqc.html
[2024-12-10 12:11:39,152] multiqc                                            [DEBUG  ]  File ignored by vep/vep_txt because it exceeded search pattern filesize limit: SRR10207212_1_fastqc.html
[2024-12-10 12:11:39,153] multiqc                                            [DEBUG  ]  File ignored by longranger/invocation because it exceeded search pattern filesize limit: SRR10207212_1_fastqc.html
[2024-12-10 12:11:39,153] multiqc                                            [DEBUG  ]  File ignored by rockhopper because it exceeded search pattern filesize limit: SRR10207212_1_fastqc.html
[2024-12-10 12:11:39,153] multiqc                                            [DEBUG  ]  File ignored by rseqc/bam_stat because it exceeded search pattern filesize limit: SRR10207212_1_fastqc.html
[2024-12-10 12:11:39,153] multiqc                                            [DEBUG  ]  File ignored by rseqc/junction_annotation because it exceeded search pattern filesize limit: SRR10207212_1_fastqc.html
[2024-12-10 12:11:39,153] multiqc                                            [DEBUG  ]  File ignored by rseqc/read_distribution because it exceeded search pattern filesize limit: SRR10207212_1_fastqc.html
[2024-12-10 12:11:39,153] multiqc                                            [DEBUG  ]  File ignored by rseqc/infer_experiment because it exceeded search pattern filesize limit: SRR10207212_1_fastqc.html
[2024-12-10 12:11:39,248] multiqc                                            [DEBUG  ]  File ignored by nanostat because it exceeded search pattern filesize limit: SRR10207212_1_fastqc.html
[2024-12-10 12:11:47,211] multiqc.plots.linegraph                            [DEBUG  ]  Using matplotlib version 3.5.1
[2024-12-10 12:11:47,213] multiqc.plots.bargraph                             [DEBUG  ]  Using matplotlib version 3.5.1
[2024-12-10 12:11:47,511] multiqc.modules.fastqc.fastqc                      [INFO   ]  Found 9 reports
[2024-12-10 12:11:47,707] multiqc                                            [INFO   ]  Compressing plot data
[2024-12-10 12:11:47,943] multiqc                                            [INFO   ]  Report      : ../fastQC/multiqc_report.html
[2024-12-10 12:11:47,943] multiqc                                            [INFO   ]  Data        : ../fastQC/multiqc_data
[2024-12-10 12:11:47,943] multiqc                                            [DEBUG  ]  Moving data file from '/tmp/tmpsdl_7vp8/multiqc_data' to '/home/lima/rnaseq-protocol/fastQC/multiqc_data'
[2024-12-10 12:11:48,240] multiqc                                            [INFO   ]  MultiQC complete
